2022-02-24 14:11:30  [INFO ] : 头信息：Cache-Control: private
2022-02-24 14:11:30  [INFO ] : 头信息：Content-Length: 1113
2022-02-24 14:11:30  [INFO ] : 头信息：Content-Type: application/json;charset=gbk
2022-02-24 14:11:30  [INFO ] : 头信息：Date: Thu, 24 Feb 2022 06:11:27 GMT
2022-02-24 14:11:30  [INFO ] : 头信息：Expires: Thu, 24 Feb 2022 06:11:27 GMT
2022-02-24 14:11:30  [INFO ] : 头信息：P3p: CP=" OTI DSP COR IVA OUR IND COM "
2022-02-24 14:11:30  [INFO ] : 头信息：Server: Apache
2022-02-24 14:11:30  [INFO ] : 头信息：Set-Cookie: BAIDUID=24833A25D338A1BFC1E2242D0EA60418:FG=1; expires=Fri, 24-Feb-23 06:11:27 GMT; max-age=31536000; path=/; domain=.baidu.com; version=1
2022-02-24 14:11:30  [INFO ] : 头信息：Tracecode: 06876768272564079114022414
2022-02-24 14:11:30  [INFO ] : 头信息：X-Powered-By: HHVM
2022-02-24 14:11:53  [INFO ] : 头信息：Cache-Control: private
2022-02-24 14:11:53  [INFO ] : 头信息：Content-Length: 1113
2022-02-24 14:11:53  [INFO ] : 头信息：Content-Type: application/json;charset=gbk
2022-02-24 14:11:53  [INFO ] : 头信息：Date: Thu, 24 Feb 2022 06:11:50 GMT
2022-02-24 14:11:53  [INFO ] : 头信息：Expires: Thu, 24 Feb 2022 06:11:50 GMT
2022-02-24 14:11:53  [INFO ] : 头信息：P3p: CP=" OTI DSP COR IVA OUR IND COM "
2022-02-24 14:11:53  [INFO ] : 头信息：Server: Apache
2022-02-24 14:11:53  [INFO ] : 头信息：Set-Cookie: BAIDUID=9AEDC25F14BE600AF76625BFF0AA3144:FG=1; expires=Fri, 24-Feb-23 06:11:50 GMT; max-age=31536000; path=/; domain=.baidu.com; version=1
2022-02-24 14:11:53  [INFO ] : 头信息：Tracecode: 07105405570613990666022414
2022-02-24 14:11:53  [INFO ] : 头信息：X-Powered-By: HHVM
